<?xml version="1.0" encoding="UTF-8"?>
<testng-results ignored="0" total="2" passed="2" failed="0" skipped="0">
  <reporter-output>
  </reporter-output>
  <suite started-at="2021-09-20T15:45:41 CDT" name="Default suite" finished-at="2021-09-20T15:45:41 CDT" duration-ms="94">
    <groups>
    </groups>
    <test started-at="2021-09-20T15:45:41 CDT" name="Default test" finished-at="2021-09-20T15:45:41 CDT" duration-ms="94">
      <class name="arrays.FormNewNumberFromMaximumDigit">
        <test-method signature="testCase1()[pri:0, instance:arrays.FormNewNumberFromMaximumDigit@574b560f]" started-at="2021-09-20T15:45:41 CDT" name="testCase1" finished-at="2021-09-20T15:45:41 CDT" duration-ms="16" status="PASS">
          <reporter-output>
          </reporter-output>
        </test-method> <!-- testCase1 -->
        <test-method signature="testCase2()[pri:0, instance:arrays.FormNewNumberFromMaximumDigit@574b560f]" started-at="2021-09-20T15:45:41 CDT" name="testCase2" finished-at="2021-09-20T15:45:41 CDT" duration-ms="0" status="PASS">
          <reporter-output>
          </reporter-output>
        </test-method> <!-- testCase2 -->
      </class> <!-- arrays.FormNewNumberFromMaximumDigit -->
    </test> <!-- Default test -->
  </suite> <!-- Default suite -->
</testng-results>
